2026-02-21 06:20:02 - Requests/min: 1 | Containers: 1 | Time since last scale: 1771654802s
2026-02-21 06:20:02 - No scaling action needed
2026-02-21 06:21:02 - Requests/min: 0 | Containers: 1 | Time since last scale: 1771654862s
2026-02-21 06:21:02 - No scaling action needed
2026-02-21 06:22:02 - Requests/min: 0 | Containers: 1 | Time since last scale: 1771654922s
2026-02-21 06:22:02 - No scaling action needed
2026-02-21 06:23:02 - Requests/min: 0 | Containers: 1 | Time since last scale: 1771654982s
2026-02-21 06:23:02 - No scaling action needed
2026-02-21 06:24:03 - Requests/min: 0 | Containers: 1 | Time since last scale: 1771655043s
2026-02-21 06:24:03 - No scaling action needed
2026-02-21 06:25:03 - Requests/min: 1 | Containers: 1 | Time since last scale: 1771655103s
2026-02-21 06:25:03 - No scaling action needed
2026-02-21 06:26:03 - Requests/min: 0 | Containers: 1 | Time since last scale: 1771655163s
2026-02-21 06:26:03 - No scaling action needed
2026-02-21 06:27:02 - Requests/min: 0 | Containers: 1 | Time since last scale: 1771655222s
2026-02-21 06:27:02 - No scaling action needed
2026-02-21 06:28:02 - Requests/min: 0 | Containers: 1 | Time since last scale: 1771655282s
2026-02-21 06:28:02 - No scaling action needed
2026-02-21 06:29:02 - Requests/min: 0 | Containers: 1 | Time since last scale: 1771655342s
2026-02-21 06:29:02 - No scaling action needed
2026-02-21 06:30:03 - Requests/min: 0 | Containers: 1 | Time since last scale: 1771655403s
2026-02-21 06:30:03 - No scaling action needed
2026-02-21 06:31:03 - Requests/min: 0 | Containers: 1 | Time since last scale: 1771655463s
2026-02-21 06:31:03 - No scaling action needed
2026-02-21 06:32:02 - Requests/min: 0 | Containers: 1 | Time since last scale: 1771655522s
2026-02-21 06:32:02 - No scaling action needed
2026-02-21 06:33:02 - Requests/min: 0 | Containers: 1 | Time since last scale: 1771655582s
2026-02-21 06:33:02 - No scaling action needed
2026-02-21 06:34:02 - Requests/min: 0 | Containers: 1 | Time since last scale: 1771655642s
2026-02-21 06:34:02 - No scaling action needed
2026-02-21 06:35:03 - Requests/min: 0 | Containers: 1 | Time since last scale: 1771655703s
2026-02-21 06:35:03 - No scaling action needed
2026-02-21 06:36:03 - Requests/min: 0 | Containers: 1 | Time since last scale: 1771655763s
2026-02-21 06:36:03 - No scaling action needed
2026-02-21 06:37:03 - Requests/min: 0 | Containers: 1 | Time since last scale: 1771655823s
2026-02-21 06:37:03 - No scaling action needed
2026-02-21 06:38:03 - Requests/min: 0 | Containers: 1 | Time since last scale: 1771655883s
2026-02-21 06:38:03 - No scaling action needed
2026-02-21 06:39:03 - Requests/min: 0 | Containers: 1 | Time since last scale: 1771655943s
2026-02-21 06:39:03 - No scaling action needed
2026-02-21 06:40:03 - Requests/min: 0 | Containers: 1 | Time since last scale: 1771656003s
2026-02-21 06:40:03 - No scaling action needed
2026-02-21 06:41:02 - Requests/min: 0 | Containers: 1 | Time since last scale: 1771656062s
2026-02-21 06:41:02 - No scaling action needed
2026-02-21 06:42:03 - Requests/min: 0 | Containers: 1 | Time since last scale: 1771656123s
2026-02-21 06:42:03 - No scaling action needed
2026-02-21 06:43:03 - Requests/min: 0 | Containers: 1 | Time since last scale: 1771656183s
2026-02-21 06:43:03 - No scaling action needed
2026-02-21 06:44:03 - Requests/min: 0 | Containers: 1 | Time since last scale: 1771656243s
2026-02-21 06:44:03 - No scaling action needed
2026-02-21 06:45:03 - Requests/min: 0 | Containers: 1 | Time since last scale: 1771656303s
2026-02-21 06:45:03 - No scaling action needed
2026-02-21 06:46:03 - Requests/min: 0 | Containers: 1 | Time since last scale: 1771656363s
2026-02-21 06:46:03 - No scaling action needed
2026-02-21 06:47:03 - Requests/min: 0 | Containers: 1 | Time since last scale: 1771656423s
2026-02-21 06:47:03 - No scaling action needed
2026-02-21 06:48:03 - Requests/min: 0 | Containers: 1 | Time since last scale: 1771656483s
2026-02-21 06:48:03 - No scaling action needed
2026-02-21 06:49:03 - Requests/min: 0 | Containers: 1 | Time since last scale: 1771656543s
2026-02-21 06:49:03 - No scaling action needed
2026-02-21 06:50:03 - Requests/min: 0 | Containers: 1 | Time since last scale: 1771656603s
2026-02-21 06:50:03 - No scaling action needed
2026-02-21 06:51:03 - Requests/min: 0 | Containers: 1 | Time since last scale: 1771656663s
2026-02-21 06:51:03 - No scaling action needed
2026-02-21 06:52:03 - Requests/min: 0 | Containers: 1 | Time since last scale: 1771656723s
2026-02-21 06:52:03 - No scaling action needed
2026-02-21 06:53:02 - Requests/min: 0 | Containers: 1 | Time since last scale: 1771656782s
2026-02-21 06:53:02 - No scaling action needed
2026-02-21 06:54:03 - Requests/min: 0 | Containers: 1 | Time since last scale: 1771656843s
2026-02-21 06:54:03 - No scaling action needed
2026-02-21 06:55:02 - Requests/min: 0 | Containers: 1 | Time since last scale: 1771656902s
2026-02-21 06:55:02 - No scaling action needed
2026-02-21 06:56:03 - Requests/min: 0 | Containers: 1 | Time since last scale: 1771656963s
2026-02-21 06:56:03 - No scaling action needed
2026-02-21 06:57:03 - Requests/min: 0 | Containers: 1 | Time since last scale: 1771657023s
2026-02-21 06:57:03 - No scaling action needed
2026-02-21 06:58:03 - Requests/min: 0 | Containers: 1 | Time since last scale: 1771657083s
2026-02-21 06:58:03 - No scaling action needed
2026-02-21 06:59:03 - Requests/min: 0 | Containers: 1 | Time since last scale: 1771657143s
2026-02-21 06:59:03 - No scaling action needed
2026-02-21 07:00:03 - Requests/min: 0 | Containers: 1 | Time since last scale: 1771657203s
2026-02-21 07:00:03 - No scaling action needed
2026-02-21 07:01:03 - Requests/min: 0 | Containers: 1 | Time since last scale: 1771657263s
2026-02-21 07:01:03 - No scaling action needed
2026-02-21 07:02:02 - Requests/min: 0 | Containers: 1 | Time since last scale: 1771657322s
2026-02-21 07:02:02 - No scaling action needed
2026-02-21 07:03:02 - Requests/min: 0 | Containers: 1 | Time since last scale: 1771657382s
2026-02-21 07:03:02 - No scaling action needed
2026-02-21 07:04:02 - Requests/min: 0 | Containers: 1 | Time since last scale: 1771657442s
2026-02-21 07:04:02 - No scaling action needed
2026-02-21 07:05:03 - Requests/min: 0 | Containers: 1 | Time since last scale: 1771657503s
2026-02-21 07:05:03 - No scaling action needed
2026-02-21 07:06:03 - Requests/min: 0 | Containers: 1 | Time since last scale: 1771657563s
2026-02-21 07:06:03 - No scaling action needed
2026-02-21 07:07:03 - Requests/min: 0 | Containers: 1 | Time since last scale: 1771657623s
2026-02-21 07:07:03 - No scaling action needed
2026-02-21 07:08:03 - Requests/min: 0 | Containers: 1 | Time since last scale: 1771657683s
2026-02-21 07:08:03 - No scaling action needed
2026-02-21 07:09:03 - Requests/min: 0 | Containers: 1 | Time since last scale: 1771657743s
2026-02-21 07:09:03 - No scaling action needed
2026-02-21 07:10:03 - Requests/min: 0 | Containers: 1 | Time since last scale: 1771657803s
2026-02-21 07:10:03 - No scaling action needed
2026-02-21 07:11:03 - Requests/min: 1 | Containers: 1 | Time since last scale: 1771657863s
2026-02-21 07:11:03 - No scaling action needed
2026-02-21 07:12:03 - Requests/min: 0 | Containers: 1 | Time since last scale: 1771657923s
2026-02-21 07:12:03 - No scaling action needed
2026-02-21 07:13:03 - Requests/min: 0 | Containers: 1 | Time since last scale: 1771657983s
2026-02-21 07:13:03 - No scaling action needed
2026-02-21 07:14:03 - Requests/min: 0 | Containers: 1 | Time since last scale: 1771658043s
2026-02-21 07:14:03 - No scaling action needed
2026-02-21 07:15:02 - Requests/min: 0 | Containers: 1 | Time since last scale: 1771658102s
2026-02-21 07:15:02 - No scaling action needed
2026-02-21 07:16:02 - Requests/min: 0 | Containers: 1 | Time since last scale: 1771658162s
2026-02-21 07:16:02 - No scaling action needed
2026-02-21 07:17:02 - Requests/min: 0 | Containers: 1 | Time since last scale: 1771658222s
2026-02-21 07:17:02 - No scaling action needed
2026-02-21 07:18:02 - Requests/min: 0 | Containers: 1 | Time since last scale: 1771658282s
2026-02-21 07:18:02 - No scaling action needed
2026-02-21 07:19:02 - Requests/min: 0 | Containers: 1 | Time since last scale: 1771658342s
2026-02-21 07:19:02 - No scaling action needed
2026-02-21 07:20:02 - Requests/min: 0 | Containers: 1 | Time since last scale: 1771658402s
2026-02-21 07:20:02 - No scaling action needed
2026-02-21 07:21:03 - Requests/min: 0 | Containers: 1 | Time since last scale: 1771658463s
2026-02-21 07:21:03 - No scaling action needed
2026-02-21 07:22:03 - Requests/min: 0 | Containers: 1 | Time since last scale: 1771658523s
2026-02-21 07:22:03 - No scaling action needed
2026-02-21 07:23:03 - Requests/min: 0 | Containers: 1 | Time since last scale: 1771658583s
2026-02-21 07:23:03 - No scaling action needed
2026-02-21 07:24:03 - Requests/min: 0 | Containers: 1 | Time since last scale: 1771658643s
2026-02-21 07:24:03 - No scaling action needed
2026-02-21 07:25:03 - Requests/min: 0 | Containers: 1 | Time since last scale: 1771658703s
2026-02-21 07:25:03 - No scaling action needed
2026-02-21 07:26:03 - Requests/min: 0 | Containers: 1 | Time since last scale: 1771658763s
2026-02-21 07:26:03 - No scaling action needed
2026-02-21 07:27:03 - Requests/min: 0 | Containers: 1 | Time since last scale: 1771658823s
2026-02-21 07:27:03 - No scaling action needed
2026-02-21 07:28:02 - Requests/min: 0 | Containers: 1 | Time since last scale: 1771658882s
2026-02-21 07:28:02 - No scaling action needed
2026-02-21 07:29:02 - Requests/min: 0 | Containers: 1 | Time since last scale: 1771658942s
2026-02-21 07:29:02 - No scaling action needed
2026-02-21 07:30:01 - Metrics not available
2026-02-21 07:31:01 - Metrics not available
2026-02-21 07:32:01 - Metrics not available
2026-02-21 07:33:01 - Metrics not available
2026-02-21 07:34:01 - Metrics not available
2026-02-21 07:35:02 - Requests/min: 0 | Containers: 1 | Time since last scale: 1771659302s
2026-02-21 07:35:02 - No scaling action needed
2026-02-21 07:36:03 - Requests/min: 0 | Containers: 1 | Time since last scale: 1771659363s
2026-02-21 07:36:03 - No scaling action needed
2026-02-21 07:37:03 - Requests/min: 0 | Containers: 1 | Time since last scale: 1771659423s
2026-02-21 07:37:03 - No scaling action needed
2026-02-21 07:38:02 - Requests/min: 0 | Containers: 1 | Time since last scale: 1771659482s
2026-02-21 07:38:02 - No scaling action needed
2026-02-21 07:39:02 - Requests/min: 0 | Containers: 1 | Time since last scale: 1771659542s
2026-02-21 07:39:02 - No scaling action needed
2026-02-21 07:40:02 - Requests/min: 0 | Containers: 1 | Time since last scale: 1771659602s
2026-02-21 07:40:02 - No scaling action needed
2026-02-21 07:41:02 - Requests/min: 0 | Containers: 1 | Time since last scale: 1771659662s
2026-02-21 07:41:02 - No scaling action needed
2026-02-21 07:42:03 - Requests/min: 0 | Containers: 1 | Time since last scale: 1771659723s
2026-02-21 07:42:03 - No scaling action needed
2026-02-21 07:43:03 - Requests/min: 0 | Containers: 1 | Time since last scale: 1771659783s
2026-02-21 07:43:03 - No scaling action needed
2026-02-21 07:44:02 - Requests/min: 0 | Containers: 1 | Time since last scale: 1771659842s
2026-02-21 07:44:02 - No scaling action needed
2026-02-21 07:45:03 - Requests/min: 0 | Containers: 1 | Time since last scale: 1771659903s
2026-02-21 07:45:03 - No scaling action needed
2026-02-21 07:46:03 - Requests/min: 0 | Containers: 1 | Time since last scale: 1771659963s
2026-02-21 07:46:03 - No scaling action needed
2026-02-21 07:47:03 - Requests/min: 0 | Containers: 1 | Time since last scale: 1771660023s
2026-02-21 07:47:03 - No scaling action needed
2026-02-21 07:48:03 - Requests/min: 0 | Containers: 1 | Time since last scale: 1771660083s
2026-02-21 07:48:03 - No scaling action needed
2026-02-21 07:49:03 - Requests/min: 0 | Containers: 1 | Time since last scale: 1771660143s
2026-02-21 07:49:03 - No scaling action needed
2026-02-21 07:50:02 - Requests/min: 0 | Containers: 1 | Time since last scale: 1771660202s
2026-02-21 07:50:02 - No scaling action needed
2026-02-21 07:51:02 - Requests/min: 0 | Containers: 1 | Time since last scale: 1771660262s
2026-02-21 07:51:02 - No scaling action needed
2026-02-21 07:52:02 - Requests/min: 0 | Containers: 1 | Time since last scale: 1771660322s
2026-02-21 07:52:02 - No scaling action needed
2026-02-21 07:53:02 - Requests/min: 0 | Containers: 1 | Time since last scale: 1771660382s
2026-02-21 07:53:02 - No scaling action needed
2026-02-21 07:54:03 - Requests/min: 0 | Containers: 1 | Time since last scale: 1771660443s
2026-02-21 07:54:03 - No scaling action needed
2026-02-21 07:55:03 - Requests/min: 0 | Containers: 1 | Time since last scale: 1771660503s
2026-02-21 07:55:03 - No scaling action needed
2026-02-21 07:56:02 - Requests/min: 0 | Containers: 1 | Time since last scale: 1771660562s
2026-02-21 07:56:02 - No scaling action needed
2026-02-21 07:57:02 - Requests/min: 0 | Containers: 1 | Time since last scale: 1771660622s
2026-02-21 07:57:02 - No scaling action needed
2026-02-21 07:58:02 - Requests/min: 0 | Containers: 1 | Time since last scale: 1771660682s
2026-02-21 07:58:02 - No scaling action needed
2026-02-21 07:59:02 - Requests/min: 0 | Containers: 1 | Time since last scale: 1771660742s
2026-02-21 07:59:02 - No scaling action needed
2026-02-21 08:00:03 - Requests/min: 0 | Containers: 1 | Time since last scale: 1771660803s
2026-02-21 08:00:03 - No scaling action needed
2026-02-21 08:01:03 - Requests/min: 0 | Containers: 1 | Time since last scale: 1771660863s
2026-02-21 08:01:03 - No scaling action needed
2026-02-21 08:02:02 - Requests/min: 0 | Containers: 1 | Time since last scale: 1771660922s
2026-02-21 08:02:02 - No scaling action needed
2026-02-21 08:03:03 - Requests/min: 0 | Containers: 1 | Time since last scale: 1771660983s
2026-02-21 08:03:03 - No scaling action needed
2026-02-21 08:04:03 - Requests/min: 0 | Containers: 1 | Time since last scale: 1771661043s
2026-02-21 08:04:03 - No scaling action needed
2026-02-21 08:05:03 - Requests/min: 0 | Containers: 1 | Time since last scale: 1771661103s
2026-02-21 08:05:03 - No scaling action needed
2026-02-21 08:06:03 - Requests/min: 0 | Containers: 1 | Time since last scale: 1771661163s
2026-02-21 08:06:03 - No scaling action needed
2026-02-21 08:07:03 - Requests/min: 0 | Containers: 1 | Time since last scale: 1771661223s
2026-02-21 08:07:03 - No scaling action needed
2026-02-21 08:08:03 - Requests/min: 0 | Containers: 1 | Time since last scale: 1771661283s
2026-02-21 08:08:03 - No scaling action needed
2026-02-21 08:09:02 - Requests/min: 0 | Containers: 1 | Time since last scale: 1771661342s
2026-02-21 08:09:02 - No scaling action needed
2026-02-21 08:10:02 - Requests/min: 0 | Containers: 1 | Time since last scale: 1771661402s
2026-02-21 08:10:02 - No scaling action needed
2026-02-21 08:11:02 - Requests/min: 0 | Containers: 1 | Time since last scale: 1771661462s
2026-02-21 08:11:02 - No scaling action needed
2026-02-21 08:12:02 - Requests/min: 0 | Containers: 1 | Time since last scale: 1771661522s
2026-02-21 08:12:02 - No scaling action needed
2026-02-21 08:13:02 - Requests/min: 0 | Containers: 1 | Time since last scale: 1771661582s
2026-02-21 08:13:02 - No scaling action needed
2026-02-21 08:14:02 - Requests/min: 0 | Containers: 1 | Time since last scale: 1771661642s
2026-02-21 08:14:02 - No scaling action needed
2026-02-21 08:15:03 - Requests/min: 0 | Containers: 1 | Time since last scale: 1771661703s
2026-02-21 08:15:03 - No scaling action needed
2026-02-21 08:16:03 - Requests/min: 0 | Containers: 1 | Time since last scale: 1771661763s
2026-02-21 08:16:03 - No scaling action needed
2026-02-21 08:17:03 - Requests/min: 0 | Containers: 1 | Time since last scale: 1771661823s
2026-02-21 08:17:03 - No scaling action needed
2026-02-21 08:18:03 - Requests/min: 0 | Containers: 1 | Time since last scale: 1771661883s
2026-02-21 08:18:03 - No scaling action needed
2026-02-21 08:19:03 - Requests/min: 1 | Containers: 1 | Time since last scale: 1771661943s
2026-02-21 08:19:03 - No scaling action needed
2026-02-21 08:20:03 - Requests/min: 0 | Containers: 1 | Time since last scale: 1771662003s
2026-02-21 08:20:03 - No scaling action needed
2026-02-21 08:21:03 - Requests/min: 0 | Containers: 1 | Time since last scale: 1771662063s
2026-02-21 08:21:03 - No scaling action needed
2026-02-21 08:22:02 - Requests/min: 0 | Containers: 1 | Time since last scale: 1771662122s
2026-02-21 08:22:02 - No scaling action needed
2026-02-21 08:23:02 - Requests/min: 0 | Containers: 1 | Time since last scale: 1771662182s
2026-02-21 08:23:02 - No scaling action needed
2026-02-21 08:24:02 - Requests/min: 0 | Containers: 1 | Time since last scale: 1771662242s
2026-02-21 08:24:02 - No scaling action needed
2026-02-21 08:25:02 - Requests/min: 0 | Containers: 1 | Time since last scale: 1771662302s
2026-02-21 08:25:02 - No scaling action needed
2026-02-21 08:26:02 - Requests/min: 0 | Containers: 1 | Time since last scale: 1771662362s
2026-02-21 08:26:02 - No scaling action needed
2026-02-21 08:27:02 - Requests/min: 1 | Containers: 1 | Time since last scale: 1771662422s
2026-02-21 08:27:02 - No scaling action needed
2026-02-21 08:28:02 - Requests/min: 0 | Containers: 1 | Time since last scale: 1771662482s
2026-02-21 08:28:02 - No scaling action needed
2026-02-21 08:29:02 - Requests/min: 0 | Containers: 1 | Time since last scale: 1771662542s
2026-02-21 08:29:02 - No scaling action needed
2026-02-21 08:30:03 - Requests/min: 0 | Containers: 1 | Time since last scale: 1771662603s
2026-02-21 08:30:03 - No scaling action needed
2026-02-21 08:31:03 - Requests/min: 0 | Containers: 1 | Time since last scale: 1771662663s
2026-02-21 08:31:03 - No scaling action needed
2026-02-21 08:32:02 - Requests/min: 0 | Containers: 1 | Time since last scale: 1771662722s
2026-02-21 08:32:02 - No scaling action needed
2026-02-21 08:33:02 - Requests/min: 0 | Containers: 1 | Time since last scale: 1771662782s
2026-02-21 08:33:02 - No scaling action needed
2026-02-21 08:34:02 - Requests/min: 0 | Containers: 1 | Time since last scale: 1771662842s
2026-02-21 08:34:02 - No scaling action needed
2026-02-21 08:35:02 - Requests/min: 0 | Containers: 1 | Time since last scale: 1771662902s
2026-02-21 08:35:02 - No scaling action needed
2026-02-21 08:36:03 - Requests/min: 0 | Containers: 1 | Time since last scale: 1771662963s
2026-02-21 08:36:03 - No scaling action needed
2026-02-21 08:37:03 - Requests/min: 0 | Containers: 1 | Time since last scale: 1771663023s
2026-02-21 08:37:03 - No scaling action needed
2026-02-21 08:38:02 - Requests/min: 0 | Containers: 1 | Time since last scale: 1771663082s
2026-02-21 08:38:02 - No scaling action needed
2026-02-21 08:39:02 - Requests/min: 0 | Containers: 1 | Time since last scale: 1771663142s
2026-02-21 08:39:02 - No scaling action needed
2026-02-21 08:40:03 - Requests/min: 0 | Containers: 1 | Time since last scale: 1771663203s
2026-02-21 08:40:03 - No scaling action needed
2026-02-21 08:41:02 - Requests/min: 0 | Containers: 1 | Time since last scale: 1771663262s
2026-02-21 08:41:02 - No scaling action needed
2026-02-21 08:42:03 - Requests/min: 0 | Containers: 1 | Time since last scale: 1771663323s
2026-02-21 08:42:03 - No scaling action needed
2026-02-21 08:43:02 - Metrics not available
2026-02-21 08:44:01 - Metrics not available
2026-02-21 08:45:01 - Metrics not available
2026-02-21 08:46:01 - Metrics not available
2026-02-21 08:47:01 - Metrics not available
2026-02-21 08:48:01 - Metrics not available
2026-02-21 08:49:01 - Metrics not available
2026-02-21 08:50:01 - Metrics not available
2026-02-21 08:51:01 - Metrics not available
2026-02-21 08:52:01 - Metrics not available
2026-02-21 08:53:01 - Metrics not available
2026-02-21 08:54:01 - Metrics not available
2026-02-21 08:55:01 - Metrics not available
2026-02-21 08:56:01 - Metrics not available
2026-02-21 08:57:01 - Metrics not available
2026-02-21 08:58:01 - Metrics not available
2026-02-21 08:59:01 - Metrics not available
2026-02-21 09:00:01 - Metrics not available
2026-02-21 09:01:01 - Metrics not available
2026-02-21 09:02:01 - Metrics not available
2026-02-21 09:03:01 - Metrics not available
2026-02-21 09:04:01 - Metrics not available
2026-02-21 09:05:01 - Metrics not available
2026-02-21 09:06:01 - Metrics not available
2026-02-21 09:07:01 - Metrics not available
2026-02-21 09:08:01 - Metrics not available
2026-02-21 09:09:01 - Metrics not available
2026-02-21 09:10:01 - Metrics not available
2026-02-21 09:11:01 - Metrics not available
2026-02-21 09:12:01 - Metrics not available
2026-02-21 09:13:01 - Metrics not available
2026-02-21 09:14:01 - Metrics not available
2026-02-21 09:15:01 - Metrics not available
2026-02-21 09:16:01 - Metrics not available
2026-02-21 09:17:01 - Metrics not available
2026-02-21 09:18:01 - Metrics not available
2026-02-21 09:19:04 - Requests/min: 5932 | Containers: 2 | Time since last scale: 1771665544s
2026-02-21 09:19:06 - Scaling UP → 3
2026-02-21 09:20:04 - Requests/min: 541 | Containers: 1 | Time since last scale: 60s
2026-02-21 09:20:04 - Cooldown active. No scaling.
2026-02-21 09:21:03 - Requests/min: 0 | Containers: 2 | Time since last scale: 119s
2026-02-21 09:21:03 - Cooldown active. No scaling.
2026-02-21 09:22:03 - Requests/min: 0 | Containers: 1 | Time since last scale: 179s
2026-02-21 09:22:03 - Cooldown active. No scaling.
2026-02-21 09:23:03 - Requests/min: 0 | Containers: 2 | Time since last scale: 239s
2026-02-21 09:23:04 - Scaling DOWN → 1
2026-02-21 09:24:04 - Requests/min: 0 | Containers: 1 | Time since last scale: 61s
2026-02-21 09:24:04 - Cooldown active. No scaling.
2026-02-21 09:25:04 - Requests/min: 0 | Containers: 2 | Time since last scale: 121s
2026-02-21 09:25:04 - Cooldown active. No scaling.
2026-02-21 09:26:03 - Requests/min: 0 | Containers: 1 | Time since last scale: 180s
2026-02-21 09:26:03 - No scaling action needed
2026-02-21 09:27:03 - Requests/min: 0 | Containers: 1 | Time since last scale: 240s
2026-02-21 09:27:03 - No scaling action needed
2026-02-21 09:28:04 - Requests/min: 0 | Containers: 2 | Time since last scale: 301s
2026-02-21 09:28:05 - Scaling DOWN → 1
2026-02-21 09:29:04 - Requests/min: 0 | Containers: 1 | Time since last scale: 60s
2026-02-21 09:29:04 - Cooldown active. No scaling.
2026-02-21 09:30:03 - Requests/min: 0 | Containers: 2 | Time since last scale: 119s
2026-02-21 09:30:03 - Cooldown active. No scaling.
2026-02-21 09:31:04 - Requests/min: 0 | Containers: 1 | Time since last scale: 180s
2026-02-21 09:31:04 - No scaling action needed
2026-02-21 09:32:03 - Requests/min: 0 | Containers: 2 | Time since last scale: 239s
2026-02-21 09:32:05 - Scaling DOWN → 1
2026-02-21 09:33:03 - Requests/min: 0 | Containers: 1 | Time since last scale: 60s
2026-02-21 09:33:03 - Cooldown active. No scaling.
2026-02-21 09:34:04 - Requests/min: 0 | Containers: 1 | Time since last scale: 121s
2026-02-21 09:34:04 - Cooldown active. No scaling.
2026-02-21 09:35:03 - Requests/min: 0 | Containers: 2 | Time since last scale: 180s
2026-02-21 09:35:05 - Scaling DOWN → 1
2026-02-21 09:36:03 - Requests/min: 0 | Containers: 1 | Time since last scale: 60s
2026-02-21 09:36:03 - Cooldown active. No scaling.
2026-02-21 09:37:03 - Requests/min: 0 | Containers: 2 | Time since last scale: 120s
2026-02-21 09:37:03 - Cooldown active. No scaling.
2026-02-21 09:38:03 - Requests/min: 0 | Containers: 1 | Time since last scale: 180s
2026-02-21 09:38:03 - No scaling action needed
2026-02-21 09:39:03 - Requests/min: 0 | Containers: 1 | Time since last scale: 240s
2026-02-21 09:39:03 - No scaling action needed
2026-02-21 09:40:03 - Requests/min: 0 | Containers: 2 | Time since last scale: 300s
2026-02-21 09:40:04 - Scaling DOWN → 1
2026-02-21 09:41:03 - Requests/min: 0 | Containers: 1 | Time since last scale: 60s
2026-02-21 09:41:03 - Cooldown active. No scaling.
2026-02-21 09:42:04 - Requests/min: 0 | Containers: 2 | Time since last scale: 121s
2026-02-21 09:42:04 - Cooldown active. No scaling.
2026-02-21 09:43:04 - Requests/min: 0 | Containers: 1 | Time since last scale: 181s
2026-02-21 09:43:04 - No scaling action needed
2026-02-21 09:44:03 - Requests/min: 0 | Containers: 1 | Time since last scale: 240s
2026-02-21 09:44:03 - No scaling action needed
2026-02-21 09:45:01 - Metrics not available
2026-02-21 09:46:01 - Metrics not available
2026-02-21 09:47:01 - Metrics not available
2026-02-21 09:48:01 - Metrics not available
2026-02-21 09:49:01 - Metrics not available
2026-02-21 09:50:03 - Requests/min: 0 | Containers: 0 | Time since last scale: 600s
2026-02-21 09:50:03 - No scaling action needed
2026-02-21 09:51:03 - Requests/min: 0 | Containers: 1 | Time since last scale: 660s
2026-02-21 09:51:03 - No scaling action needed
2026-02-21 09:52:03 - Requests/min: 0 | Containers: 1 | Time since last scale: 720s
2026-02-21 09:52:03 - No scaling action needed
2026-02-21 09:53:03 - Requests/min: 0 | Containers: 1 | Time since last scale: 780s
2026-02-21 09:53:03 - No scaling action needed
2026-02-21 09:54:03 - Requests/min: 4 | Containers: 1 | Time since last scale: 840s
2026-02-21 09:54:03 - No scaling action needed
2026-02-21 09:55:03 - Requests/min: 4 | Containers: 1 | Time since last scale: 900s
2026-02-21 09:55:03 - No scaling action needed
2026-02-21 09:56:03 - Requests/min: 0 | Containers: 1 | Time since last scale: 960s
2026-02-21 09:56:03 - No scaling action needed
2026-02-21 09:57:04 - Requests/min: 0 | Containers: 1 | Time since last scale: 1021s
2026-02-21 09:57:04 - No scaling action needed
2026-02-21 09:58:04 - Requests/min: 2 | Containers: 1 | Time since last scale: 1081s
2026-02-21 09:58:04 - No scaling action needed
2026-02-21 09:59:03 - Requests/min: 0 | Containers: 1 | Time since last scale: 1140s
2026-02-21 09:59:03 - No scaling action needed
2026-02-21 10:00:03 - Requests/min: 0 | Containers: 0 | Time since last scale: 1200s
2026-02-21 10:00:03 - No scaling action needed
2026-02-21 10:01:02 - Metrics not available
2026-02-21 10:02:01 - Metrics not available
2026-02-21 10:03:01 - Metrics not available
2026-02-21 10:04:01 - Metrics not available
2026-02-21 10:05:01 - Metrics not available
2026-02-21 10:06:04 - Requests/min: 0 | Containers: 1 | Time since last scale: 1561s
2026-02-21 10:06:04 - No scaling action needed
2026-02-21 10:07:04 - Requests/min: 0 | Containers: 1 | Time since last scale: 1621s
2026-02-21 10:07:04 - No scaling action needed
2026-02-21 10:08:03 - Requests/min: 0 | Containers: 1 | Time since last scale: 1680s
2026-02-21 10:08:03 - No scaling action needed
2026-02-21 10:09:03 - Requests/min: 2 | Containers: 1 | Time since last scale: 1740s
2026-02-21 10:09:03 - No scaling action needed
2026-02-21 10:10:04 - Requests/min: 0 | Containers: 1 | Time since last scale: 1801s
2026-02-21 10:10:04 - No scaling action needed
2026-02-21 10:11:03 - Requests/min: 0 | Containers: 1 | Time since last scale: 1860s
2026-02-21 10:11:03 - No scaling action needed
2026-02-21 10:12:03 - Requests/min: 0 | Containers: 1 | Time since last scale: 1920s
2026-02-21 10:12:03 - No scaling action needed
2026-02-21 10:13:03 - Requests/min: 0 | Containers: 1 | Time since last scale: 1980s
2026-02-21 10:13:03 - No scaling action needed
2026-02-21 10:14:03 - Requests/min: 0 | Containers: 1 | Time since last scale: 2040s
2026-02-21 10:14:03 - No scaling action needed
2026-02-21 10:15:04 - Requests/min: 0 | Containers: 1 | Time since last scale: 2101s
2026-02-21 10:15:04 - No scaling action needed
2026-02-21 10:16:04 - Requests/min: 0 | Containers: 1 | Time since last scale: 2161s
2026-02-21 10:16:04 - No scaling action needed
2026-02-21 10:17:03 - Requests/min: 0 | Containers: 1 | Time since last scale: 2220s
2026-02-21 10:17:03 - No scaling action needed
2026-02-21 10:18:04 - Requests/min: 0 | Containers: 1 | Time since last scale: 2280s
2026-02-21 10:18:04 - No scaling action needed
2026-02-21 10:19:04 - Requests/min: 0 | Containers: 1 | Time since last scale: 2341s
2026-02-21 10:19:04 - No scaling action needed
2026-02-21 10:20:04 - Requests/min: 0 | Containers: 1 | Time since last scale: 2401s
2026-02-21 10:20:04 - No scaling action needed
2026-02-21 10:21:04 - Requests/min: 0 | Containers: 1 | Time since last scale: 2461s
2026-02-21 10:21:04 - No scaling action needed
2026-02-21 10:22:03 - Requests/min: 0 | Containers: 1 | Time since last scale: 2520s
2026-02-21 10:22:03 - No scaling action needed
2026-02-21 10:23:03 - Requests/min: 0 | Containers: 0 | Time since last scale: 2580s
2026-02-21 10:23:03 - No scaling action needed
2026-02-21 10:24:04 - Requests/min: 0 | Containers: 0 | Time since last scale: 2641s
2026-02-21 10:24:04 - No scaling action needed
2026-02-21 10:25:02 - Metrics not available
2026-02-21 10:26:03 - Requests/min: 49 | Containers: 2 | Time since last scale: 2760s
2026-02-21 10:26:03 - No scaling action needed
2026-02-21 10:27:03 - Requests/min: 0 | Containers: 1 | Time since last scale: 2820s
2026-02-21 10:27:03 - No scaling action needed
2026-02-21 10:28:03 - Requests/min: 0 | Containers: 2 | Time since last scale: 2880s
2026-02-21 10:28:05 - Scaling DOWN → 1
2026-02-21 10:29:04 - Requests/min: 0 | Containers: 1 | Time since last scale: 61s
2026-02-21 10:29:04 - Cooldown active. No scaling.
2026-02-21 10:30:03 - Requests/min: 0 | Containers: 2 | Time since last scale: 120s
2026-02-21 10:30:03 - Cooldown active. No scaling.
2026-02-21 10:31:04 - Requests/min: 0 | Containers: 1 | Time since last scale: 181s
2026-02-21 10:31:04 - No scaling action needed
2026-02-21 10:32:03 - Requests/min: 0 | Containers: 2 | Time since last scale: 240s
2026-02-21 10:32:05 - Scaling DOWN → 1
2026-02-21 10:33:03 - Requests/min: 0 | Containers: 1 | Time since last scale: 60s
2026-02-21 10:33:03 - Cooldown active. No scaling.
2026-02-21 10:34:03 - Requests/min: 0 | Containers: 1 | Time since last scale: 120s
2026-02-21 10:34:03 - Cooldown active. No scaling.
2026-02-21 10:35:03 - Requests/min: 0 | Containers: 2 | Time since last scale: 180s
2026-02-21 10:35:05 - Scaling DOWN → 1
2026-02-21 10:36:03 - Requests/min: 0 | Containers: 1 | Time since last scale: 60s
2026-02-21 10:36:03 - Cooldown active. No scaling.
2026-02-21 10:37:03 - Requests/min: 0 | Containers: 2 | Time since last scale: 120s
2026-02-21 10:37:03 - Cooldown active. No scaling.
2026-02-21 10:38:03 - Requests/min: 0 | Containers: 1 | Time since last scale: 180s
2026-02-21 10:38:03 - No scaling action needed
2026-02-21 10:39:03 - Requests/min: 0 | Containers: 0 | Time since last scale: 240s
2026-02-21 10:39:03 - No scaling action needed
2026-02-21 10:40:01 - Metrics not available
2026-02-21 10:41:03 - Requests/min: 0 | Containers: 1 | Time since last scale: 360s
2026-02-21 10:41:03 - No scaling action needed
2026-02-21 10:42:04 - Requests/min: 0 | Containers: 1 | Time since last scale: 421s
2026-02-21 10:42:04 - No scaling action needed
2026-02-21 10:43:04 - Requests/min: 0 | Containers: 1 | Time since last scale: 481s
2026-02-21 10:43:04 - No scaling action needed
2026-02-21 10:44:03 - Requests/min: 0 | Containers: 1 | Time since last scale: 540s
2026-02-21 10:44:03 - No scaling action needed
2026-02-21 10:45:02 - Requests/min: 0 | Containers: 1 | Time since last scale: 599s
2026-02-21 10:45:02 - No scaling action needed
2026-02-21 10:46:04 - Requests/min: 0 | Containers: 1 | Time since last scale: 661s
2026-02-21 10:46:04 - No scaling action needed
2026-02-21 10:47:04 - Requests/min: 0 | Containers: 0 | Time since last scale: 721s
2026-02-21 10:47:04 - No scaling action needed
2026-02-21 10:48:04 - Requests/min: 0 | Containers: 1 | Time since last scale: 781s
2026-02-21 10:48:04 - No scaling action needed
2026-02-21 10:49:02 - Metrics not available
2026-02-21 10:50:02 - Metrics not available
2026-02-21 10:51:01 - Metrics not available
2026-02-21 10:52:02 - Metrics not available
2026-02-21 10:53:01 - Metrics not available
2026-02-21 10:54:01 - Metrics not available
2026-02-21 10:55:01 - Metrics not available
2026-02-21 10:56:01 - Metrics not available
2026-02-21 10:57:01 - Metrics not available
2026-02-21 10:58:01 - Metrics not available
2026-02-21 10:59:02 - Metrics not available
2026-02-21 11:00:01 - Metrics not available
2026-02-21 11:01:01 - Metrics not available
2026-02-21 11:02:01 - Metrics not available
2026-02-21 11:03:01 - Metrics not available
2026-02-21 11:04:01 - Metrics not available
2026-02-21 11:05:01 - Metrics not available
2026-02-21 11:06:01 - Metrics not available
2026-02-21 11:07:01 - Metrics not available
2026-02-21 11:08:01 - Metrics not available
2026-02-21 11:09:01 - Metrics not available
2026-02-21 11:10:01 - Metrics not available
2026-02-21 11:11:01 - Metrics not available
2026-02-21 11:12:01 - Metrics not available
2026-02-21 11:13:01 - Metrics not available
2026-02-21 11:14:01 - Metrics not available
2026-02-21 11:15:01 - Metrics not available
2026-02-21 11:16:01 - Metrics not available
2026-02-21 11:17:01 - Metrics not available
2026-02-21 11:18:01 - Metrics not available
2026-02-21 11:19:03 - Requests/min: 0 | Containers: 1 | Time since last scale: 2640s
2026-02-21 11:19:03 - No scaling action needed
2026-02-21 11:20:03 - Requests/min: 0 | Containers: 1 | Time since last scale: 2700s
2026-02-21 11:20:03 - No scaling action needed
2026-02-21 11:21:03 - Requests/min: 0 | Containers: 1 | Time since last scale: 2760s
2026-02-21 11:21:03 - No scaling action needed
2026-02-21 11:22:03 - Requests/min: 0 | Containers: 1 | Time since last scale: 2820s
2026-02-21 11:22:03 - No scaling action needed
2026-02-21 11:23:03 - Requests/min: 0 | Containers: 1 | Time since last scale: 2880s
2026-02-21 11:23:03 - No scaling action needed
2026-02-21 11:24:03 - Requests/min: 0 | Containers: 1 | Time since last scale: 2940s
2026-02-21 11:24:03 - No scaling action needed
2026-02-21 11:25:03 - Requests/min: 0 | Containers: 1 | Time since last scale: 3000s
2026-02-21 11:25:03 - No scaling action needed
2026-02-21 11:26:04 - Requests/min: 0 | Containers: 1 | Time since last scale: 3061s
2026-02-21 11:26:04 - No scaling action needed
2026-02-21 11:27:03 - Requests/min: 0 | Containers: 1 | Time since last scale: 3120s
2026-02-21 11:27:03 - No scaling action needed
2026-02-21 11:28:04 - Requests/min: 0 | Containers: 1 | Time since last scale: 3181s
2026-02-21 11:28:04 - No scaling action needed
2026-02-21 11:29:03 - Requests/min: 0 | Containers: 1 | Time since last scale: 3240s
2026-02-21 11:29:03 - No scaling action needed
2026-02-21 11:30:04 - Requests/min: 120 | Containers: 1 | Time since last scale: 3301s
2026-02-21 11:30:06 - Scaling UP → 2
2026-02-21 11:31:04 - Requests/min: 2 | Containers: 2 | Time since last scale: 60s
2026-02-21 11:31:04 - Cooldown active. No scaling.
2026-02-21 11:32:04 - Requests/min: 0 | Containers: 1 | Time since last scale: 120s
2026-02-21 11:32:04 - Cooldown active. No scaling.
2026-02-21 11:33:03 - Requests/min: 0 | Containers: 2 | Time since last scale: 179s
2026-02-21 11:33:03 - Cooldown active. No scaling.
2026-02-21 11:34:03 - Requests/min: 0 | Containers: 1 | Time since last scale: 239s
2026-02-21 11:34:03 - No scaling action needed
2026-02-21 11:35:03 - Requests/min: 0 | Containers: 2 | Time since last scale: 299s
2026-02-21 11:35:05 - Scaling DOWN → 1
2026-02-21 11:36:04 - Requests/min: 0 | Containers: 1 | Time since last scale: 61s
2026-02-21 11:36:04 - Cooldown active. No scaling.
2026-02-21 11:37:02 - Requests/min: 0 | Containers: 2 | Time since last scale: 119s
2026-02-21 11:37:02 - Cooldown active. No scaling.
2026-02-21 11:38:04 - Requests/min: 0 | Containers: 1 | Time since last scale: 181s
2026-02-21 11:38:04 - No scaling action needed
2026-02-21 11:39:04 - Requests/min: 0 | Containers: 2 | Time since last scale: 241s
2026-02-21 11:39:05 - Scaling DOWN → 1
2026-02-21 11:40:04 - Requests/min: 0 | Containers: 1 | Time since last scale: 60s
2026-02-21 11:40:04 - Cooldown active. No scaling.
2026-02-21 11:41:03 - Requests/min: 0 | Containers: 2 | Time since last scale: 119s
2026-02-21 11:41:03 - Cooldown active. No scaling.
2026-02-21 11:42:04 - Requests/min: 0 | Containers: 1 | Time since last scale: 180s
2026-02-21 11:42:04 - No scaling action needed
2026-02-21 11:43:04 - Requests/min: 0 | Containers: 2 | Time since last scale: 240s
2026-02-21 11:43:05 - Scaling DOWN → 1
2026-02-21 11:44:03 - Requests/min: 0 | Containers: 1 | Time since last scale: 59s
2026-02-21 11:44:03 - Cooldown active. No scaling.
2026-02-21 11:45:04 - Requests/min: 0 | Containers: 2 | Time since last scale: 120s
2026-02-21 11:45:04 - Cooldown active. No scaling.
2026-02-21 11:46:04 - Requests/min: 0 | Containers: 1 | Time since last scale: 180s
2026-02-21 11:46:04 - No scaling action needed
2026-02-21 11:47:04 - Requests/min: 0 | Containers: 2 | Time since last scale: 240s
2026-02-21 11:47:05 - Scaling DOWN → 1
2026-02-21 11:48:04 - Requests/min: 0 | Containers: 1 | Time since last scale: 60s
2026-02-21 11:48:04 - Cooldown active. No scaling.
2026-02-21 11:49:04 - Requests/min: 0 | Containers: 1 | Time since last scale: 120s
2026-02-21 11:49:04 - Cooldown active. No scaling.
2026-02-21 11:50:04 - Requests/min: 0 | Containers: 2 | Time since last scale: 180s
2026-02-21 11:50:05 - Scaling DOWN → 1
2026-02-21 11:51:04 - Requests/min: 0 | Containers: 1 | Time since last scale: 60s
2026-02-21 11:51:04 - Cooldown active. No scaling.
2026-02-21 11:52:03 - Requests/min: 1 | Containers: 2 | Time since last scale: 119s
2026-02-21 11:52:03 - Cooldown active. No scaling.
2026-02-21 11:53:04 - Requests/min: 0 | Containers: 1 | Time since last scale: 180s
2026-02-21 11:53:04 - No scaling action needed
2026-02-21 11:54:04 - Requests/min: 0 | Containers: 2 | Time since last scale: 240s
2026-02-21 11:54:05 - Scaling DOWN → 1
2026-02-21 11:55:03 - Requests/min: 2 | Containers: 1 | Time since last scale: 59s
2026-02-21 11:55:03 - Cooldown active. No scaling.
2026-02-21 11:56:03 - Requests/min: 1 | Containers: 1 | Time since last scale: 119s
2026-02-21 11:56:03 - Cooldown active. No scaling.
2026-02-21 11:57:04 - Requests/min: 12 | Containers: 2 | Time since last scale: 180s
2026-02-21 11:57:04 - No scaling action needed
2026-02-21 11:58:04 - Requests/min: 0 | Containers: 1 | Time since last scale: 240s
2026-02-21 11:58:04 - No scaling action needed
2026-02-21 11:59:03 - Requests/min: 0 | Containers: 2 | Time since last scale: 299s
2026-02-21 11:59:05 - Scaling DOWN → 1
2026-02-21 12:00:04 - Requests/min: 0 | Containers: 1 | Time since last scale: 61s
2026-02-21 12:00:04 - Cooldown active. No scaling.
2026-02-21 12:01:04 - Requests/min: 1 | Containers: 1 | Time since last scale: 121s
2026-02-21 12:01:04 - Cooldown active. No scaling.
2026-02-21 12:02:04 - Requests/min: 0 | Containers: 1 | Time since last scale: 181s
2026-02-21 12:02:04 - No scaling action needed
2026-02-21 12:03:03 - Requests/min: 2 | Containers: 3 | Time since last scale: 240s
2026-02-21 12:03:04 - Scaling DOWN → 2
2026-02-21 12:04:03 - Requests/min: 0 | Containers: 2 | Time since last scale: 60s
2026-02-21 12:04:03 - Cooldown active. No scaling.
2026-02-21 12:05:04 - Requests/min: 0 | Containers: 1 | Time since last scale: 121s
2026-02-21 12:05:04 - Cooldown active. No scaling.
2026-02-21 12:06:04 - Requests/min: 0 | Containers: 2 | Time since last scale: 181s
2026-02-21 12:06:06 - Scaling DOWN → 1
2026-02-21 12:07:05 - Requests/min: 0 | Containers: 1 | Time since last scale: 61s
2026-02-21 12:07:05 - Cooldown active. No scaling.
2026-02-21 12:08:03 - Requests/min: 0 | Containers: 2 | Time since last scale: 119s
2026-02-21 12:08:03 - Cooldown active. No scaling.
2026-02-21 12:09:04 - Requests/min: 0 | Containers: 1 | Time since last scale: 180s
2026-02-21 12:09:04 - No scaling action needed
2026-02-21 12:10:04 - Requests/min: 0 | Containers: 2 | Time since last scale: 240s
2026-02-21 12:10:06 - Scaling DOWN → 1
2026-02-21 12:11:04 - Requests/min: 0 | Containers: 1 | Time since last scale: 60s
2026-02-21 12:11:04 - Cooldown active. No scaling.
2026-02-21 12:12:04 - Requests/min: 0 | Containers: 2 | Time since last scale: 120s
2026-02-21 12:12:04 - Cooldown active. No scaling.
2026-02-21 12:13:03 - Requests/min: 0 | Containers: 1 | Time since last scale: 179s
2026-02-21 12:13:03 - Cooldown active. No scaling.
2026-02-21 12:14:03 - Requests/min: 0 | Containers: 2 | Time since last scale: 239s
2026-02-21 12:14:05 - Scaling DOWN → 1
2026-02-21 12:15:03 - Requests/min: 0 | Containers: 1 | Time since last scale: 60s
2026-02-21 12:15:03 - Cooldown active. No scaling.
2026-02-21 12:16:04 - Requests/min: 0 | Containers: 2 | Time since last scale: 121s
2026-02-21 12:16:04 - Cooldown active. No scaling.
2026-02-21 12:17:03 - Requests/min: 0 | Containers: 1 | Time since last scale: 180s
2026-02-21 12:17:03 - No scaling action needed
2026-02-21 12:18:04 - Requests/min: 0 | Containers: 1 | Time since last scale: 241s
2026-02-21 12:18:04 - No scaling action needed
2026-02-21 12:19:03 - Requests/min: 0 | Containers: 1 | Time since last scale: 300s
2026-02-21 12:19:03 - No scaling action needed
2026-02-21 12:20:04 - Requests/min: 0 | Containers: 1 | Time since last scale: 361s
2026-02-21 12:20:04 - No scaling action needed
2026-02-21 12:21:04 - Requests/min: 0 | Containers: 1 | Time since last scale: 421s
2026-02-21 12:21:04 - No scaling action needed
2026-02-21 12:22:03 - Requests/min: 0 | Containers: 1 | Time since last scale: 480s
2026-02-21 12:22:03 - No scaling action needed
2026-02-21 12:23:04 - Requests/min: 0 | Containers: 1 | Time since last scale: 541s
2026-02-21 12:23:04 - No scaling action needed
2026-02-21 12:24:04 - Requests/min: 0 | Containers: 1 | Time since last scale: 601s
2026-02-21 12:24:04 - No scaling action needed
2026-02-21 12:25:04 - Requests/min: 0 | Containers: 1 | Time since last scale: 661s
2026-02-21 12:25:04 - No scaling action needed
2026-02-21 12:26:04 - Requests/min: 0 | Containers: 1 | Time since last scale: 721s
2026-02-21 12:26:04 - No scaling action needed
2026-02-21 12:27:03 - Requests/min: 0 | Containers: 1 | Time since last scale: 780s
2026-02-21 12:27:03 - No scaling action needed
2026-02-21 12:28:03 - Requests/min: 0 | Containers: 1 | Time since last scale: 840s
2026-02-21 12:28:03 - No scaling action needed
2026-02-21 12:29:04 - Requests/min: 0 | Containers: 1 | Time since last scale: 901s
2026-02-21 12:29:04 - No scaling action needed
2026-02-21 12:30:04 - Requests/min: 8 | Containers: 1 | Time since last scale: 961s
2026-02-21 12:30:04 - No scaling action needed
2026-02-21 12:31:04 - Requests/min: 0 | Containers: 1 | Time since last scale: 1021s
2026-02-21 12:31:04 - No scaling action needed
2026-02-21 12:32:03 - Requests/min: 0 | Containers: 1 | Time since last scale: 1080s
2026-02-21 12:32:03 - No scaling action needed
2026-02-21 12:33:03 - Requests/min: 0 | Containers: 1 | Time since last scale: 1140s
2026-02-21 12:33:03 - No scaling action needed
2026-02-21 12:34:03 - Requests/min: 0 | Containers: 1 | Time since last scale: 1200s
2026-02-21 12:34:03 - No scaling action needed
2026-02-21 12:35:03 - Requests/min: 0 | Containers: 1 | Time since last scale: 1260s
2026-02-21 12:35:03 - No scaling action needed
2026-02-21 12:36:04 - Requests/min: 0 | Containers: 1 | Time since last scale: 1321s
2026-02-21 12:36:04 - No scaling action needed
2026-02-21 12:37:04 - Requests/min: 0 | Containers: 1 | Time since last scale: 1381s
2026-02-21 12:37:04 - No scaling action needed
2026-02-21 12:38:03 - Requests/min: 0 | Containers: 1 | Time since last scale: 1440s
2026-02-21 12:38:03 - No scaling action needed
2026-02-21 12:39:04 - Requests/min: 0 | Containers: 1 | Time since last scale: 1501s
2026-02-21 12:39:04 - No scaling action needed
2026-02-21 12:40:04 - Requests/min: 0 | Containers: 1 | Time since last scale: 1561s
2026-02-21 12:40:04 - No scaling action needed
2026-02-21 12:41:04 - Requests/min: 0 | Containers: 1 | Time since last scale: 1621s
2026-02-21 12:41:04 - No scaling action needed
2026-02-21 12:42:04 - Requests/min: 0 | Containers: 1 | Time since last scale: 1681s
2026-02-21 12:42:04 - No scaling action needed
2026-02-21 12:43:04 - Requests/min: 0 | Containers: 1 | Time since last scale: 1741s
2026-02-21 12:43:04 - No scaling action needed
2026-02-21 12:44:04 - Requests/min: 0 | Containers: 1 | Time since last scale: 1801s
2026-02-21 12:44:04 - No scaling action needed
2026-02-21 12:45:04 - Requests/min: 0 | Containers: 1 | Time since last scale: 1861s
2026-02-21 12:45:04 - No scaling action needed
2026-02-21 12:46:04 - Requests/min: 0 | Containers: 1 | Time since last scale: 1921s
2026-02-21 12:46:04 - No scaling action needed
2026-02-21 12:47:03 - Requests/min: 0 | Containers: 1 | Time since last scale: 1980s
2026-02-21 12:47:03 - No scaling action needed
2026-02-21 12:48:04 - Requests/min: 0 | Containers: 1 | Time since last scale: 2041s
2026-02-21 12:48:04 - No scaling action needed
2026-02-21 12:49:04 - Requests/min: 0 | Containers: 1 | Time since last scale: 2101s
2026-02-21 12:49:04 - No scaling action needed
2026-02-21 12:50:04 - Requests/min: 0 | Containers: 1 | Time since last scale: 2161s
2026-02-21 12:50:04 - No scaling action needed
2026-02-21 12:51:04 - Requests/min: 0 | Containers: 1 | Time since last scale: 2221s
2026-02-21 12:51:04 - No scaling action needed
2026-02-21 12:52:04 - Requests/min: 0 | Containers: 1 | Time since last scale: 2281s
2026-02-21 12:52:04 - No scaling action needed
2026-02-21 12:53:03 - Requests/min: 0 | Containers: 1 | Time since last scale: 2340s
2026-02-21 12:53:03 - No scaling action needed
2026-02-21 12:54:04 - Requests/min: 0 | Containers: 1 | Time since last scale: 2401s
2026-02-21 12:54:04 - No scaling action needed
2026-02-21 12:55:04 - Requests/min: 0 | Containers: 1 | Time since last scale: 2461s
2026-02-21 12:55:04 - No scaling action needed
2026-02-21 12:56:04 - Requests/min: 0 | Containers: 1 | Time since last scale: 2521s
2026-02-21 12:56:04 - No scaling action needed
2026-02-21 12:57:03 - Requests/min: 1 | Containers: 1 | Time since last scale: 2580s
2026-02-21 12:57:03 - No scaling action needed
2026-02-21 12:58:03 - Requests/min: 0 | Containers: 1 | Time since last scale: 2640s
2026-02-21 12:58:03 - No scaling action needed
2026-02-21 12:59:03 - Requests/min: 0 | Containers: 1 | Time since last scale: 2700s
2026-02-21 12:59:03 - No scaling action needed
2026-02-21 13:00:04 - Requests/min: 0 | Containers: 1 | Time since last scale: 2761s
2026-02-21 13:00:04 - No scaling action needed
2026-02-21 13:01:04 - Requests/min: 0 | Containers: 1 | Time since last scale: 2821s
2026-02-21 13:01:04 - No scaling action needed
2026-02-21 13:02:03 - Requests/min: 0 | Containers: 1 | Time since last scale: 2880s
2026-02-21 13:02:03 - No scaling action needed
2026-02-21 13:03:04 - Requests/min: 0 | Containers: 1 | Time since last scale: 2941s
2026-02-21 13:03:04 - No scaling action needed
2026-02-21 13:04:04 - Requests/min: 0 | Containers: 1 | Time since last scale: 3001s
2026-02-21 13:04:04 - No scaling action needed
2026-02-21 13:05:04 - Requests/min: 2 | Containers: 1 | Time since last scale: 3061s
2026-02-21 13:05:04 - No scaling action needed
2026-02-21 13:06:04 - Requests/min: 0 | Containers: 1 | Time since last scale: 3121s
2026-02-21 13:06:04 - No scaling action needed
2026-02-21 13:07:01 - Metrics not available
2026-02-21 13:08:01 - Metrics not available
2026-02-21 13:09:03 - Requests/min: 0 | Containers: 1 | Time since last scale: 3300s
2026-02-21 13:09:03 - No scaling action needed
2026-02-21 13:10:04 - Requests/min: 4 | Containers: 1 | Time since last scale: 3361s
2026-02-21 13:10:04 - No scaling action needed
2026-02-21 13:11:04 - Requests/min: 0 | Containers: 1 | Time since last scale: 3421s
2026-02-21 13:11:04 - No scaling action needed
2026-02-21 13:12:03 - Requests/min: 0 | Containers: 1 | Time since last scale: 3480s
2026-02-21 13:12:03 - No scaling action needed
